Log file open, 01/15/15 21:28:51
LogInit:Display: Running engine for game: AmeliaBlume
LogInit:Warning: Incompatible or missing module: UE4Editor-AmeliaBlume.dll
Running C:/Program Files/Epic Games/4.7/Engine/Binaries/DotNET/UnrealBuildTool.exe AmeliaBlume Development Win64 -project="C:/Users/smarredo/Desktop/ameliablume/AmeliaBlume/AmeliaBlume.uproject" -rocket -editorrecompile -progress
Performing 8 actions (4 in parallel)
[2/8] Resource ModuleVersionResource.rc.inl
[3/8] Resource AmeliaBlume.rc
PCH.AmeliaBlume.AmeliaBlume.h.cpp
AmeliaBlume.generated.cpp
AmeliaBlumeGameMode.cpp
AmeliaBlumeCharacter.cpp
AmeliaBlume.cpp
[8/8] Link UE4Editor-AmeliaBlume.dll
   Creating library C:\Users\smarredo\Desktop\ameliablume\AmeliaBlume\Intermediate\Build\Win64\AmeliaBlumeEditor\Development\UE4Editor-AmeliaBlume.lib and object C:\Users\smarredo\Desktop\ameliablume\AmeliaBlume\Intermediate\Build\Win64\AmeliaBlumeEditor\Development\UE4Editor-AmeliaBlume.exp
-------- End Detailed Actions Stats -----------------------------------------------------------
Cumulative action seconds (4 processors): 0.00 building projects, 26.65 compiling, 0.00 creating app bundles, 0.00 generating debug info, 1.95 linking, 0.00 other
UBT execution time: 34.73 seconds
LogInit: Version: 4.7.0-2403078+++depot+UE4-Releases+4.7
LogInit: API Version: 2403078
LogInit: Compiled (64-bit): Jan 11 2015 23:21:45
LogInit: Compiled with Visual C++: 18.00.21005.01
LogInit: Build Configuration: Development
LogInit: Branch Name: ++depot+UE4-Releases+4.7
LogInit: Command line:  
LogInit: Base directory: C:/Program Files/Epic Games/4.7/Engine/Binaries/Win64/
LogInit: Rocket: 1
[2015.01.16-05.29.33:287][  0]LogTaskGraph: Started task graph with 3 named threads and 6 total threads.
[2015.01.16-05.29.33:347][  0]LogOnline:Warning: No default platform service specified for OnlineSubsystem
[2015.01.16-05.29.33:524][  0]LogInit: Presizing for 0 objects not considered by GC, pre-allocating 0 bytes.
[2015.01.16-05.29.33:539][  0]LogInit: Object subsystem initialized
[2015.01.16-05.29.33:542][  0]LogConsoleResponse:Warning: Skipping Unknown console variable: 'UIScaleRule = ShortestSide'
[2015.01.16-05.29.33:542][  0]LogConsoleResponse:Warning:   Found in ini file 'C:/Users/smarredo/Desktop/ameliablume/AmeliaBlume/Saved/Config/Windows/Engine.ini', in section '[/Script/Engine.RendererSettings]'
[2015.01.16-05.29.33:542][  0]LogConsoleResponse:Warning: Skipping Unknown console variable: 'UIScaleCurve = (EditorCurveData=(Keys=),ExternalCurve=None)'
[2015.01.16-05.29.33:542][  0]LogConsoleResponse:Warning:   Found in ini file 'C:/Users/smarredo/Desktop/ameliablume/AmeliaBlume/Saved/Config/Windows/Engine.ini', in section '[/Script/Engine.RendererSettings]'
[2015.01.16-05.29.33:543][  0]LogInit: Selected Device Profile: [Windows]
[2015.01.16-05.29.33:543][  0]LogInit: Applying CVar settings loaded from the selected device profile: [Windows]
[2015.01.16-05.29.33:557][  0]LogInit: Computer: LEFT4DEAD
[2015.01.16-05.29.33:557][  0]LogInit: User: Smarredo
[2015.01.16-05.29.33:557][  0]LogInit: CPU Page size=4096, Cores=4
[2015.01.16-05.29.33:557][  0]LogInit: High frequency timer resolution =2.343724 MHz
[2015.01.16-05.29.33:557][  0]LogMemory: Memory total: Physical=4.0GB (4GB approx) Virtual=131072.0GB
[2015.01.16-05.29.33:558][  0]LogMemory: Platform Memory Stats for Windows
[2015.01.16-05.29.33:558][  0]LogMemory: Process Physical Memory: 49.36 MB used, 49.36 MB peak
[2015.01.16-05.29.33:558][  0]LogMemory: Process Virtual Memory: 22.40 MB used, 22.40 MB peak
[2015.01.16-05.29.33:558][  0]LogMemory: Physical Memory: 1813.56 MB used, 4093.22 MB total
[2015.01.16-05.29.33:558][  0]LogMemory: Virtual Memory: 286.70 MB used, 134217728.00 MB total
[2015.01.16-05.29.33:591][  0]LogD3D11RHI: Found D3D11 adapter 0: NVIDIA GeForce 8800 GT (Feature Level 10_0)
[2015.01.16-05.29.33:591][  0]LogD3D11RHI: Adapter has 488MB of dedicated video memory, 0MB of dedicated system memory, and 2046MB of shared system memory, 2 output[s]
[2015.01.16-05.29.33:593][  0]LogD3D11RHI: Found D3D11 adapter 1: Microsoft Basic Render Driver (Feature Level 11_0)
[2015.01.16-05.29.33:593][  0]LogD3D11RHI: Adapter has 0MB of dedicated video memory, 0MB of dedicated system memory, and 256MB of shared system memory, 0 output[s]
[2015.01.16-05.29.33:593][  0]LogD3D11RHI: Chosen D3D11 Adapter Id = 0
[2015.01.16-05.29.33:599][  0]LogRHI: Texture pool is 341 MB (70% of 488 MB)
[2015.01.16-05.29.33:614][  0]LogD3D11RHI: Async texture creation enabled
[2015.01.16-05.29.34:104][  0]LogTextLocalizationManager: The requested culture ('en_US') has no localization data; parent culture's ('en') localization data will be used.
[2015.01.16-05.29.34:332][  0]LogContentStreaming: Texture pool size is 0.000000MB
[2015.01.16-05.29.41:321][  0]LogTargetPlatformManager:Display: Building Assets For Windows
[2015.01.16-05.29.42:734][  0]LogTargetPlatformManager:Display: Building Assets For Windows
[2015.01.16-05.29.42:847][  0]LogDerivedDataCache:Display: Max Cache Size: 512 MB
[2015.01.16-05.29.43:420][  0]LogDerivedDataCache: Loaded boot cache 0.57s 36MB C:/Users/smarredo/AppData/Local/UnrealEngine/4.7/DerivedDataCache/Boot.ddc.
[2015.01.16-05.29.43:420][  0]LogDerivedDataCache:Display: Loaded Boot cache: C:/Users/smarredo/AppData/Local/UnrealEngine/4.7/DerivedDataCache/Boot.ddc
[2015.01.16-05.29.43:420][  0]LogDerivedDataCache: FDerivedDataBackendGraph:  Pak pak cache file ../../../../../../Users/smarredo/Desktop/ameliablume/AmeliaBlume/DerivedDataCache/DDC.ddp not found, will not use a pak cache.
[2015.01.16-05.29.43:420][  0]LogDerivedDataCache: Unable to find inner node Pak for hierarchical cache Hierarchy.
[2015.01.16-05.29.43:548][  0]LogDerivedDataCache:Display: Pak cache opened for reading ../../../Engine/DerivedDataCache/DDC.ddp.
[2015.01.16-05.29.43:561][  0]LogDerivedDataCache: Using Local data cache path C:/Users/smarredo/AppData/Local/UnrealEngine/Common/DerivedDataCache: Writable
[2015.01.16-05.29.52:591][  0]LogMeshUtilities: No automatic mesh reduction module available
[2015.01.16-05.29.52:591][  0]LogMeshUtilities: No automatic mesh merging module available
[2015.01.16-05.29.53:339][  0]LogInit: WinSock: version 1.1 (2.2), MaxSocks=32767, MaxUdp=65467
[2015.01.16-05.30.03:904][  0]UdpMessaging: Initializing bridge on interface 0.0.0.0:0 to multicast group 230.0.0.1:6666.
[2015.01.16-05.30.04:585][  0]SourceControl: Info Source control is disabled
[2015.01.16-05.30.04:585][  0]SourceControl: Info Source control is disabled
[2015.01.16-05.30.04:598][  0]SourceControl: Info Source control is disabled
[2015.01.16-05.30.05:001][  0]LogObj: 27318 objects as part of root set at end of initial load.
[2015.01.16-05.30.05:001][  0]LogUObjectAllocator: 6239688 out of 0 bytes used by permanent object pool.
[2015.01.16-05.30.05:126][  0]LogEngine: Initializing Engine...
[2015.01.16-05.30.07:142][  0]LogHMD: Oculus shutdown.
[2015.01.16-05.30.07:421][  0]LogInit: XAudio2 using 'Speakers (Creative SB X-Fi)' : 2 channels at 48 kHz using 32 bits per sample (channel mask 0x3)
[2015.01.16-05.30.07:915][  0]LogInit: FAudioDevice initialized.
[2015.01.16-05.30.07:967][  0]LogAIModule: Creating AISystem for world NewWorld
[2015.01.16-05.30.08:022][  0]LogDerivedDataCache: Saved boot cache 0.05s 36MB C:/Users/smarredo/AppData/Local/UnrealEngine/4.7/DerivedDataCache/Boot.ddc.
[2015.01.16-05.30.08:045][  0]LogInit: Texture streaming: Enabled
[2015.01.16-05.30.08:252][  0]LogAnalytics: Creating configured Analytics provider AnalyticsET
[2015.01.16-05.30.08:252][  0]LogAnalytics: ET APIKey = Rocket.Release. DataRouterUploadURL = https://datarouter-public-service-gamedev.ol.epicgames.net/datarouter/api/v1/public/data. AppVersion = 4.7.0-2403078+++depot+UE4-Releases+4.7
[2015.01.16-05.30.08:254][  0]LogAnalytics: SetUserId b805f9b32377bf5ec0f5cb752c9dd7f5
[2015.01.16-05.30.08:254][  0]LogAnalytics: AnalyticsET::StartSession [Rocket.Release]
[2015.01.16-05.30.08:285][  0]LogInit: Transaction tracking system initialized
[2015.01.16-05.30.08:516][  0]BlueprintLog: New page: Editor Load
[2015.01.16-05.30.08:560][  0]LogAssetRegistry: FAssetRegistry took 0.0112 seconds to start up
[2015.01.16-05.30.08:561][  0]LogDirectoryWatcher:Warning: Failed to begin reading directory changes for ../../../Engine/Plugins/Experimental/CharacterAI/Content/. Error: 0
[2015.01.16-05.30.12:671][  0]LogTargetPlatformManager:Display: Building Assets For Windows
[2015.01.16-05.30.13:274][  0]LogTargetPlatformManager:Display: Building Assets For Windows
[2015.01.16-05.30.13:620][  0]LogSlate:Warning: Failed to load font data from '../../../Engine/Content/Editor/Slate/Fonts/Roboto-Regular.ttf'
[2015.01.16-05.30.13:621][  0]LogSlate:Warning: Failed to load font data from '../../../Engine/Content/Editor/Slate/Fonts/Roboto-Bold.ttf'
[2015.01.16-05.30.13:683][  0]LogConsoleManager:Warning: Console variable 'r.VSync' wasn't set (Priority Code < GameSetting)
[2015.01.16-05.30.13:684][  0]LogConsoleResponse:Display: 
[2015.01.16-05.30.14:849][  0]LogCook:Display: Done creating registry. It took  0.00s.
[2015.01.16-05.30.15:231][  0]SourceControl: Info Source control is disabled
[2015.01.16-05.30.15:232][  0]Cmd: MAP LOAD FILE="../../../../../../Users/smarredo/Desktop/ameliablume/AmeliaBlume/Content/Maps/Example_Map.umap" TEMPLATE=0 SHOWPROGRESS=1 FEATURELEVEL=2
[2015.01.16-05.30.15:233][  0]LightingResults: New page: Lighting Build
[2015.01.16-05.30.15:249][  0]MapCheck: New page: Map Check
[2015.01.16-05.30.15:249][  0]LightingResults: New page: Lighting Build
[2015.01.16-05.30.15:268][  0]LogParticles: Destroying 0 GPU particle simulations for FXSystem 0x0000004300060AE0
[2015.01.16-05.30.16:718][  0]LogEditorServer: Finished looking for orphan Actors (0.000 secs)
[2015.01.16-05.30.16:724][  0]LogAIModule: Creating AISystem for world Example_Map
[2015.01.16-05.30.16:730][  0]Cmd: MAP CHECKDEP
[2015.01.16-05.30.16:730][  0]MapCheck: New page: Example_Map - Jan 15, 2015, 1:30:16 PM
[2015.01.16-05.30.16:909][  0]MapCheck: Info Map check complete: 0 Error(s), 0 Warning(s), took 178.67ms to complete.
[2015.01.16-05.30.16:909][  0]LogFileHelpers: Loading map 'Example_Map' took 1.678
[2015.01.16-05.30.17:101][  0]LogCollectionManager: Loaded 0 collections in 0.002001 seconds
[2015.01.16-05.30.17:481][  0]LogCrashTracker: Crashtracker disabled due to settings.
[2015.01.16-05.30.17:498][  0]LogUObjectGlobals:Warning: Failed to find object 'Class None.'
[2015.01.16-05.30.17:530][  0]LogLoad: Full Startup: 89.16 seconds (BP compile: 0.15 seconds)
[2015.01.16-05.30.17:803][  0]LogRenderer:Warning: Reallocating scene render targets to support 1136x1024 (Frame:2).
[2015.01.16-05.30.19:999][  5]LogAssetRegistry: Asset discovery search completed in 11.4502 seconds
[2015.01.16-05.31.17:759][321]LogEditorViewport: Clicking on Actor (context menu): Brush (Ledge1)
[2015.01.16-05.31.37:980][831]LogEditorViewport: Clicking on Actor (context menu): Brush (Ledge1)
[2015.01.16-05.32.11:756][718]Cmd: BRUSH ADD SELECTNEWBRUSH
[2015.01.16-05.32.30:430][156]Cmd: EDCALLBACK SURFPROPS
[2015.01.16-05.34.40:410][616]Cmd: DELETE
[2015.01.16-05.34.40:410][616]Cmd: ACTOR DELETE
[2015.01.16-05.34.40:413][616]LogEditorActor: Deleted Actor: Brush
[2015.01.16-05.34.40:523][616]LogEditorActor: Deleted 1 Actors (0.111 secs)
[2015.01.16-05.34.53:994][ 65]Cmd: BRUSH ADD SELECTNEWBRUSH
[2015.01.16-05.35.21:200][701]LogPlayLevel: PIE:  No blueprints needed recompiling
[2015.01.16-05.35.21:201][701]PIE: New page: PIE session: Example_Map (Jan 15, 2015, 1:35:21 PM)
[2015.01.16-05.35.21:388][701]LogPlayLevel: PIE: StaticDuplicateObject took: (0.150459s)
[2015.01.16-05.35.21:392][701]LogPlayLevel: PIE: World Init took: (0.003204s)
[2015.01.16-05.35.21:392][701]LogPlayLevel: PIE: Created PIE world by copying editor world from /Game/Maps/Example_Map.Example_Map to /Game/Maps/UEDPIE_0_Example_Map.Example_Map (0.154326s)
[2015.01.16-05.35.21:580][701]LogWorld: Game class is 'AmeliaBlumeGameMode'
[2015.01.16-05.35.21:760][701]LogAIModule: Creating AISystem for world Example_Map
[2015.01.16-05.35.21:763][701]LogWorld: Bringing World /Game/Maps/UEDPIE_0_Example_Map.Example_Map up for play (max tick rate 0) at 2015.01.15-21.35.21
[2015.01.16-05.35.21:777][701]LogWorld: Bringing up level for play took: 0.016054
[2015.01.16-05.35.21:934][701]PIE: Info Play in editor start time for /Game/Maps/UEDPIE_0_Example_Map 0.539
[2015.01.16-05.35.40:078][147]LogParticles: Destroying 0 GPU particle simulations for FXSystem 0x0000004286B51620
[2015.01.16-05.35.55:246][525]Cmd: TRANSACTION UNDO
[2015.01.16-05.35.55:246][525]LogEditorTransaction: Undo Move Actors
[2015.01.16-05.35.55:549][525]LogGeometryMode:Warning: Unable to find 1 Edge(s) in new BSP
[2015.01.16-05.35.55:549][525]LogGeometryMode:Warning: Unable to resolve ConeBrush Brush in new BSP, see above
[2015.01.16-05.35.55:549][525]LogGeometryMode:Warning: Unable to find all previously selected geometry data, resetting selection
[2015.01.16-05.36.34:800][578]Cmd: OBJ SAVEPACKAGE PACKAGE="/Game/Maps/Example_Map" FILE="../../../../../../Users/smarredo/Desktop/ameliablume/AmeliaBlume/Content/Maps/Example_Map.umap" SILENT=true AUTOSAVING=false KEEPDIRTY=false
[2015.01.16-05.36.34:935][578]LogSavePackage: Save=63.228436ms
[2015.01.16-05.36.34:935][578]LogSavePackage: Moving '../../../../../../Users/smarredo/Desktop/ameliablume/AmeliaBlume/Saved/Example_Map8B524A9D4BF9DEC99AB8F88EC94E0674.tmp' to '../../../../../../Users/smarredo/Desktop/ameliablume/AmeliaBlume/Content/Maps/Example_Map.umap'
[2015.01.16-05.36.39:768][685]Cmd: QUIT_EDITOR
[2015.01.16-05.36.40:132][685]LogExit: Preparing to exit.
[2015.01.16-05.36.41:117][685]LogExit: Editor shut down
[2015.01.16-05.36.41:118][685]LogExit: Transaction tracking system shut down
[2015.01.16-05.36.41:119][685]LogParticles: Destroying 0 GPU particle simulations for FXSystem 0x0000004281CEC900
[2015.01.16-05.36.41:168][685]LogParticles: Destroying 0 GPU particle simulations for FXSystem 0x00000042887A9120
[2015.01.16-05.36.41:168][685]LogExit: Object subsystem successfully closed.
[2015.01.16-05.36.41:244][685]LogModuleManager: Shutting down and abandoning module AndroidDeviceDetection (176)
[2015.01.16-05.36.41:244][685]LogModuleManager: Shutting down and abandoning module CrashTracker (175)
[2015.01.16-05.36.41:244][685]LogModuleManager: Shutting down and abandoning module SuperSearch (174)
[2015.01.16-05.36.41:244][685]LogModuleManager: Shutting down and abandoning module SceneOutliner (173)
[2015.01.16-05.36.41:244][685]LogModuleManager: Shutting down and abandoning module EditorWidgets (172)
[2015.01.16-05.36.41:244][685]LogModuleManager: Shutting down and abandoning module CollectionManager (171)
[2015.01.16-05.36.41:245][685]LogModuleManager: Shutting down and abandoning module StatsViewer (170)
[2015.01.16-05.36.41:245][685]LogModuleManager: Shutting down and abandoning module FoliageEdit (169)
[2015.01.16-05.36.41:245][685]LogModuleManager: Shutting down and abandoning module LandscapeEditor (168)
[2015.01.16-05.36.41:245][685]LogModuleManager: Shutting down and abandoning module MeshPaint (167)
[2015.01.16-05.36.41:245][685]LogModuleManager: Shutting down and abandoning module ActorPickerMode (166)
[2015.01.16-05.36.41:245][685]LogModuleManager: Shutting down and abandoning module GeometryMode (165)
[2015.01.16-05.36.41:245][685]LogModuleManager: Shutting down and abandoning module TextureAlignMode (164)
[2015.01.16-05.36.41:245][685]LogModuleManager: Shutting down and abandoning module BspMode (163)
[2015.01.16-05.36.41:245][685]LogModuleManager: Shutting down and abandoning module PlacementMode (162)
[2015.01.16-05.36.41:245][685]LogModuleManager: Shutting down and abandoning module AutomationWorker (161)
[2015.01.16-05.36.41:245][685]LogModuleManager: Shutting down and abandoning module CharacterAI (160)
[2015.01.16-05.36.41:245][685]LogModuleManager: Shutting down and abandoning module SmartSnapping (159)
[2015.01.16-05.36.41:245][685]LogModuleManager: Shutting down and abandoning module ViewportSnapping (158)
[2015.01.16-05.36.41:245][685]LogModuleManager: Shutting down and abandoning module LogVisualizer (157)
[2015.01.16-05.36.41:245][685]LogModuleManager: Shutting down and abandoning module GameProjectGeneration (156)
[2015.01.16-05.36.41:245][685]LogModuleManager: Shutting down and abandoning module IntroTutorials (155)
[2015.01.16-05.36.41:245][685]LogModuleManager: Shutting down and abandoning module EditorLiveStreaming (154)
[2015.01.16-05.36.41:245][685]LogModuleManager: Shutting down and abandoning module HardwareTargeting (153)
[2015.01.16-05.36.41:245][685]LogModuleManager: Shutting down and abandoning module DeviceProfileEditor (152)
[2015.01.16-05.36.41:245][685]LogModuleManager: Shutting down and abandoning module UndoHistory (151)
[2015.01.16-05.36.41:245][685]LogModuleManager: Shutting down and abandoning module GameplayTagsEditor (150)
[2015.01.16-05.36.41:245][685]LogModuleManager: Shutting down and abandoning module UserFeedback (149)
[2015.01.16-05.36.41:245][685]LogModuleManager: Shutting down and abandoning module XmlParser (148)
[2015.01.16-05.36.41:245][685]LogModuleManager: Shutting down and abandoning module Blutility (147)
[2015.01.16-05.36.41:245][685]LogModuleManager: Shutting down and abandoning module IOSPlatformEditor (146)
[2015.01.16-05.36.41:246][685]LogModuleManager: Shutting down and abandoning module IOSRuntimeSettings (145)
[2015.01.16-05.36.41:246][685]LogModuleManager: Shutting down and abandoning module AndroidPlatformEditor (144)
[2015.01.16-05.36.41:246][685]LogModuleManager: Shutting down and abandoning module AndroidRuntimeSettings (143)
[2015.01.16-05.36.41:246][685]LogModuleManager: Shutting down and abandoning module ProjectTargetPlatformEditor (142)
[2015.01.16-05.36.41:246][685]LogModuleManager: Shutting down and abandoning module ProjectSettingsViewer (141)
[2015.01.16-05.36.41:246][685]LogModuleManager: Shutting down and abandoning module InputBindingEditor (140)
[2015.01.16-05.36.41:246][685]LogModuleManager: Shutting down and abandoning module EditorSettingsViewer (139)
[2015.01.16-05.36.41:246][685]LogModuleManager: Shutting down and abandoning module SettingsEditor (138)
[2015.01.16-05.36.41:246][685]LogModuleManager: Shutting down and abandoning module ProjectLauncher (137)
[2015.01.16-05.36.41:246][685]LogModuleManager: Shutting down and abandoning module SessionFrontend (136)
[2015.01.16-05.36.41:246][685]LogModuleManager: Shutting down and abandoning module ProfilerClient (135)
[2015.01.16-05.36.41:246][685]LogModuleManager: Shutting down and abandoning module TargetDeviceServices (134)
[2015.01.16-05.36.41:246][685]LogModuleManager: Shutting down and abandoning module DeviceManager (133)
[2015.01.16-05.36.41:246][685]LogModuleManager: Shutting down and abandoning module AutomationController (132)
[2015.01.16-05.36.41:246][685]LogModuleManager: Shutting down and abandoning module AutomationWindow (131)
[2015.01.16-05.36.41:246][685]LogModuleManager: Shutting down and abandoning module Layers (130)
[2015.01.16-05.36.41:246][685]LogModuleManager: Shutting down and abandoning module ComponentVisualizers (129)
[2015.01.16-05.36.41:246][685]LogModuleManager: Shutting down and abandoning module DetailCustomizations (128)
[2015.01.16-05.36.41:247][685]LogModuleManager: Shutting down and abandoning module PackagesDialog (127)
[2015.01.16-05.36.41:247][685]LogModuleManager: Shutting down and abandoning module AssetRegistry (126)
[2015.01.16-05.36.41:359][685]LogModuleManager: Shutting down and abandoning module Persona (125)
[2015.01.16-05.36.41:359][685]LogModuleManager: Shutting down and abandoning module SlateReflector (124)
[2015.01.16-05.36.41:359][685]LogModuleManager: Shutting down and abandoning module LevelEditor (123)
[2015.01.16-05.36.41:361][685]LogModuleManager: Shutting down and abandoning module Kismet (122)
[2015.01.16-05.36.41:361][685]LogModuleManager: Shutting down and abandoning module GraphEditor (121)
[2015.01.16-05.36.41:361][685]LogModuleManager: Shutting down and abandoning module ClassViewer (120)
[2015.01.16-05.36.41:361][685]LogModuleManager: Shutting down and abandoning module Toolbox (119)
[2015.01.16-05.36.41:361][685]LogModuleManager: Shutting down and abandoning module ModuleUI (118)
[2015.01.16-05.36.41:361][685]LogModuleManager: Shutting down and abandoning module MovieSceneTools (117)
[2015.01.16-05.36.41:361][685]LogModuleManager: Shutting down and abandoning module OutputLog (116)
[2015.01.16-05.36.41:361][685]LogModuleManager: Shutting down and abandoning module GammaUI (115)
[2015.01.16-05.36.41:361][685]LogModuleManager: Shutting down and abandoning module Documentation (114)
[2015.01.16-05.36.41:361][685]LogModuleManager: Shutting down and abandoning module GameLiveStreaming (113)
[2015.01.16-05.36.41:361][685]LogModuleManager: Shutting down and abandoning module StreamingPauseRendering (112)
[2015.01.16-05.36.41:361][685]LogModuleManager: Shutting down and abandoning module HTTP (111)
[2015.01.16-05.36.41:361][685]LogModuleManager: Shutting down and abandoning module AnalyticsET (110)
[2015.01.16-05.36.41:361][685]LogModuleManager: Shutting down and abandoning module Analytics (109)
[2015.01.16-05.36.41:361][685]LogModuleManager: Shutting down and abandoning module AITestSuite (108)
[2015.01.16-05.36.41:361][685]LogModuleManager: Shutting down and abandoning module GameplayDebugger (107)
[2015.01.16-05.36.41:361][685]LogModuleManager: Shutting down and abandoning module AIModule (106)
[2015.01.16-05.36.41:361][685]LogModuleManager: Shutting down and abandoning module ProfilerService (105)
[2015.01.16-05.36.41:393][685]LogModuleManager: Shutting down and abandoning module TaskGraph (104)
[2015.01.16-05.36.41:393][685]LogModuleManager: Shutting down and abandoning module SlateRemote (103)
[2015.01.16-05.36.41:393][685]LogModuleManager: Shutting down and abandoning module ScriptEditorPlugin (102)
[2015.01.16-05.36.41:393][685]LogModuleManager: Shutting down and abandoning module CustomMeshComponent (101)
[2015.01.16-05.36.41:393][685]LogModuleManager: Shutting down and abandoning module CableComponent (100)
[2015.01.16-05.36.41:393][685]LogModuleManager: Shutting down and abandoning module MessagingDebugger (99)
[2015.01.16-05.36.41:393][685]LogModuleManager: Shutting down and abandoning module MediaPlayerEditor (98)
[2015.01.16-05.36.41:393][685]LogModuleManager: Shutting down and abandoning module SpeedTreeImporter (97)
[2015.01.16-05.36.41:393][685]LogModuleManager: Shutting down and abandoning module PluginsEditor (96)
[2015.01.16-05.36.41:393][685]LogModuleManager: Shutting down and abandoning module MainFrame (95)
[2015.01.16-05.36.41:393][685]LogModuleManager: Shutting down and abandoning module EpicSurvey (94)
[2015.01.16-05.36.41:393][685]LogModuleManager: Shutting down and abandoning module DirectoryWatcher (93)
[2015.01.16-05.36.41:394][685]LogModuleManager: Shutting down and abandoning module HotReload (92)
[2015.01.16-05.36.41:394][685]LogModuleManager: Shutting down and abandoning module VisualStudioSourceCodeAccess (91)
[2015.01.16-05.36.41:394][685]LogModuleManager: Shutting down and abandoning module UObjectPlugin (90)
[2015.01.16-05.36.41:394][685]LogModuleManager: Shutting down and abandoning module SubversionSourceControl (89)
[2015.01.16-05.36.41:394][685]LogModuleManager: Shutting down and abandoning module SourceControl (88)
[2015.01.16-05.36.41:394][685]LogModuleManager: Shutting down and abandoning module PerforceSourceControl (87)
[2015.01.16-05.36.41:394][685]LogModuleManager: Shutting down and abandoning module BlankPlugin (86)
[2015.01.16-05.36.41:394][685]LogModuleManager: Shutting down and abandoning module PaperTiledImporter (85)
[2015.01.16-05.36.41:394][685]LogModuleManager: Shutting down and abandoning module PaperJsonImporter (84)
[2015.01.16-05.36.41:394][685]LogModuleManager: Shutting down and abandoning module ContentBrowser (83)
[2015.01.16-05.36.41:394][685]LogModuleManager: Shutting down and abandoning module Paper2DEditor (82)
[2015.01.16-05.36.41:394][685]LogModuleManager: Shutting down and abandoning module AmeliaBlume (81)
[2015.01.16-05.36.41:394][685]LogModuleManager: Shutting down and abandoning module ScriptPlugin (80)
[2015.01.16-05.36.41:394][685]LogModuleManager: Shutting down and abandoning module UdpMessaging (79)
[2015.01.16-05.36.41:496][685]LogModuleManager: Shutting down and abandoning module Paper2D (78)
[2015.01.16-05.36.41:496][685]LogModuleManager: Shutting down and abandoning module WindowsMoviePlayer (77)
[2015.01.16-05.36.41:499][685]LogModuleManager: Shutting down and abandoning module Media (76)
[2015.01.16-05.36.41:499][685]LogModuleManager: Shutting down and abandoning module WmfMedia (75)
[2015.01.16-05.36.41:500][685]LogModuleManager: Shutting down and abandoning module OnlineBlueprintSupport (74)
[2015.01.16-05.36.41:500][685]LogModuleManager: Shutting down and abandoning module PropertyEditor (73)
[2015.01.16-05.36.41:500][685]LogModuleManager: Shutting down and abandoning module BehaviorTreeEditor (72)
[2015.01.16-05.36.41:500][685]LogModuleManager: Shutting down and abandoning module FunctionalTesting (71)
[2015.01.16-05.36.41:500][685]LogModuleManager: Shutting down and abandoning module CollisionAnalyzer (70)
[2015.01.16-05.36.41:500][685]LogModuleManager: Shutting down and abandoning module WorkspaceMenuStructure (69)
[2015.01.16-05.36.41:500][685]LogModuleManager: Shutting down and abandoning module MessageLog (68)
[2015.01.16-05.36.41:500][685]LogModuleManager: Shutting down and abandoning module Sequencer (67)
[2015.01.16-05.36.41:500][685]LogModuleManager: Shutting down and abandoning module AssetTools (66)
[2015.01.16-05.36.41:500][685]LogModuleManager: Shutting down and abandoning module UMGEditor (65)
[2015.01.16-05.36.41:500][685]LogModuleManager: Shutting down and abandoning module UMG (64)
[2015.01.16-05.36.41:500][685]LogModuleManager: Shutting down and abandoning module Slate (63)
[2015.01.16-05.36.41:500][685]LogModuleManager: Shutting down and abandoning module EditorStyle (62)
[2015.01.16-05.36.41:507][685]LogModuleManager: Shutting down and abandoning module SessionServices (61)
[2015.01.16-05.36.41:507][685]LogModuleManager: Shutting down and abandoning module SourceCodeAccess (60)
[2015.01.16-05.36.41:507][685]LogModuleManager: Shutting down and abandoning module HeadMountedDisplay (59)
[2015.01.16-05.36.41:507][685]LogModuleManager: Shutting down and abandoning module XAudio2 (58)
[2015.01.16-05.36.41:507][685]LogModuleManager: Shutting down and abandoning module Networking (56)
[2015.01.16-05.36.41:507][685]LogModuleManager: Shutting down and abandoning module Core (55)
[2015.01.16-05.36.41:507][685]LogModuleManager: Shutting down and abandoning module KismetCompiler (54)
[2015.01.16-05.36.41:507][685]LogModuleManager: Shutting down and abandoning module PhysXFormats (53)
[2015.01.16-05.36.41:507][685]LogModuleManager: Shutting down and abandoning module MeshUtilities (52)
[2015.01.16-05.36.41:507][685]LogModuleManager: Shutting down and abandoning module DerivedDataCache (51)
[2015.01.16-05.36.41:529][685]LogDerivedDataCache: Shutdown
[2015.01.16-05.36.41:529][685]LogModuleManager: Shutting down and abandoning module ShaderFormatOpenGL (50)
[2015.01.16-05.36.41:529][685]LogModuleManager: Shutting down and abandoning module ShaderFormatD3D (49)
[2015.01.16-05.36.41:529][685]LogModuleManager: Shutting down and abandoning module MetalShaderFormat (48)
[2015.01.16-05.36.41:529][685]LogModuleManager: Shutting down and abandoning module TextureFormatUncompressed (47)
[2015.01.16-05.36.41:529][685]LogModuleManager: Shutting down and abandoning module TextureFormatPVR (46)
[2015.01.16-05.36.41:529][685]LogModuleManager: Shutting down and abandoning module TextureFormatIntelISPCTexComp (45)
[2015.01.16-05.36.41:529][685]LogModuleManager: Shutting down and abandoning module TextureFormatDXT (44)
[2015.01.16-05.36.41:529][685]LogModuleManager: Shutting down and abandoning module ImageWrapper (43)
[2015.01.16-05.36.41:529][685]LogModuleManager: Shutting down and abandoning module TextureFormatASTC (42)
[2015.01.16-05.36.41:529][685]LogModuleManager: Shutting down and abandoning module TextureFormatAndroid (41)
[2015.01.16-05.36.41:529][685]LogModuleManager: Shutting down and abandoning module AudioFormatOpus (40)
[2015.01.16-05.36.41:529][685]LogModuleManager: Shutting down and abandoning module AudioFormatOgg (39)
[2015.01.16-05.36.41:529][685]LogModuleManager: Shutting down and abandoning module AudioFormatADPCM (38)
[2015.01.16-05.36.41:529][685]LogModuleManager: Shutting down and abandoning module LinuxTargetPlatform (37)
[2015.01.16-05.36.41:529][685]LogModuleManager: Shutting down and abandoning module LinuxServerTargetPlatform (36)
[2015.01.16-05.36.41:529][685]LogModuleManager: Shutting down and abandoning module LinuxNoEditorTargetPlatform (35)
[2015.01.16-05.36.41:529][685]LogModuleManager: Shutting down and abandoning module Messaging (34)
[2015.01.16-05.36.41:529][685]LogModuleManager: Shutting down and abandoning module IOSTargetPlatform (33)
[2015.01.16-05.36.41:529][685]LogModuleManager: Shutting down and abandoning module Android_PVRTCTargetPlatform (32)
[2015.01.16-05.36.41:529][685]LogModuleManager: Shutting down and abandoning module Android_ETC2TargetPlatform (31)
[2015.01.16-05.36.41:529][685]LogModuleManager: Shutting down and abandoning module Android_ETC1TargetPlatform (30)
[2015.01.16-05.36.41:529][685]LogModuleManager: Shutting down and abandoning module Android_ES31TargetPlatform (29)
[2015.01.16-05.36.41:529][685]LogModuleManager: Shutting down and abandoning module Android_DXTTargetPlatform (28)
[2015.01.16-05.36.41:529][685]LogModuleManager: Shutting down and abandoning module Android_ATCTargetPlatform (27)
[2015.01.16-05.36.41:529][685]LogModuleManager: Shutting down and abandoning module AndroidTargetPlatform (26)
[2015.01.16-05.36.41:529][685]LogModuleManager: Shutting down and abandoning module WindowsTargetPlatform (25)
[2015.01.16-05.36.41:529][685]LogModuleManager: Shutting down and abandoning module WindowsServerTargetPlatform (24)
[2015.01.16-05.36.41:529][685]LogModuleManager: Shutting down and abandoning module WindowsNoEditorTargetPlatform (23)
[2015.01.16-05.36.41:529][685]LogModuleManager: Shutting down and abandoning module WindowsClientTargetPlatform (22)
[2015.01.16-05.36.41:529][685]LogModuleManager: Shutting down and abandoning module TargetPlatform (21)
[2015.01.16-05.36.41:529][685]LogModuleManager: Shutting down and abandoning module InputCore (20)
[2015.01.16-05.36.41:529][685]LogModuleManager: Shutting down and abandoning module Settings (19)
[2015.01.16-05.36.41:529][685]LogModuleManager: Shutting down and abandoning module OnlineSubsystem (17)
[2015.01.16-05.36.41:529][685]LogModuleManager: Shutting down and abandoning module OculusRift (16)
[2015.01.16-05.36.41:529][685]LogModuleManager: Shutting down and abandoning module ExampleDeviceProfileSelector (15)
[2015.01.16-05.36.41:529][685]LogModuleManager: Shutting down and abandoning module DesktopPlatform (14)
[2015.01.16-05.36.41:529][685]LogModuleManager: Shutting down and abandoning module TextureCompressor (13)
[2015.01.16-05.36.41:530][685]LogModuleManager: Shutting down and abandoning module ShaderCore (12)
[2015.01.16-05.36.41:530][685]LogModuleManager: Shutting down and abandoning module Landscape (11)
[2015.01.16-05.36.41:530][685]LogModuleManager: Shutting down and abandoning module SlateRHIRenderer (10)
[2015.01.16-05.36.41:536][685]LogModuleManager: Shutting down and abandoning module OpenGLDrv (9)
[2015.01.16-05.36.41:536][685]LogModuleManager: Shutting down and abandoning module D3D11RHI (8)
[2015.01.16-05.36.41:536][685]LogModuleManager: Shutting down and abandoning module Renderer (7)
[2015.01.16-05.36.41:536][685]LogModuleManager: Shutting down and abandoning module Engine (6)
[2015.01.16-05.36.41:536][685]LogModuleManager: Shutting down and abandoning module CoreUObject (5)
[2015.01.16-05.36.41:536][685]LogModuleManager: Shutting down and abandoning module NetworkFile (4)
[2015.01.16-05.36.41:536][685]LogModuleManager: Shutting down and abandoning module StreamingFile (3)
[2015.01.16-05.36.41:536][685]LogModuleManager: Shutting down and abandoning module SandboxFile (2)
[2015.01.16-05.36.41:536][685]LogModuleManager: Shutting down and abandoning module PakFile (1)
[2015.01.16-05.36.41:537][685]LogExit: Exiting.
[2015.01.16-05.36.41:561][685]Log file closed, 01/15/15 21:36:41
