Log file open, 01/15/15 21:52:44
LogInit:Display: Running engine without a game
LogInit:Display: Loading recent project file: ../../../../../../Users/smarredo/Desktop/ameliablume/AmeliaBlume/AmeliaBlume.uproject
LogInit: Version: 4.7.0-2403078+++depot+UE4-Releases+4.7
LogInit: API Version: 2403078
LogInit: Compiled (64-bit): Jan 11 2015 23:21:45
LogInit: Compiled with Visual C++: 18.00.21005.01
LogInit: Build Configuration: Development
LogInit: Branch Name: ++depot+UE4-Releases+4.7
LogInit: Command line: 
LogInit: Base directory: C:/Program Files/Epic Games/4.7/Engine/Binaries/Win64/
LogInit: Rocket: 1
[2015.01.16-05.52.44:402][  0]LogTaskGraph: Started task graph with 3 named threads and 6 total threads.
[2015.01.16-05.52.44:462][  0]LogOnline:Warning: No default platform service specified for OnlineSubsystem
[2015.01.16-05.52.44:521][  0]LogInit: Presizing for 0 objects not considered by GC, pre-allocating 0 bytes.
[2015.01.16-05.52.44:536][  0]LogInit: Object subsystem initialized
[2015.01.16-05.52.44:539][  0]LogConsoleResponse:Warning: Skipping Unknown console variable: 'UIScaleRule = ShortestSide'
[2015.01.16-05.52.44:539][  0]LogConsoleResponse:Warning:   Found in ini file 'C:/Users/smarredo/Desktop/ameliablume/AmeliaBlume/Saved/Config/Windows/Engine.ini', in section '[/Script/Engine.RendererSettings]'
[2015.01.16-05.52.44:539][  0]LogConsoleResponse:Warning: Skipping Unknown console variable: 'UIScaleCurve = (EditorCurveData=(Keys=),ExternalCurve=None)'
[2015.01.16-05.52.44:539][  0]LogConsoleResponse:Warning:   Found in ini file 'C:/Users/smarredo/Desktop/ameliablume/AmeliaBlume/Saved/Config/Windows/Engine.ini', in section '[/Script/Engine.RendererSettings]'
[2015.01.16-05.52.44:539][  0]LogInit: Selected Device Profile: [Windows]
[2015.01.16-05.52.44:539][  0]LogInit: Applying CVar settings loaded from the selected device profile: [Windows]
[2015.01.16-05.52.44:557][  0]LogInit: Computer: LEFT4DEAD
[2015.01.16-05.52.44:557][  0]LogInit: User: Smarredo
[2015.01.16-05.52.44:557][  0]LogInit: CPU Page size=4096, Cores=4
[2015.01.16-05.52.44:557][  0]LogInit: High frequency timer resolution =2.343724 MHz
[2015.01.16-05.52.44:557][  0]LogMemory: Memory total: Physical=4.0GB (4GB approx) Virtual=131072.0GB
[2015.01.16-05.52.44:558][  0]LogMemory: Platform Memory Stats for Windows
[2015.01.16-05.52.44:558][  0]LogMemory: Process Physical Memory: 47.44 MB used, 47.44 MB peak
[2015.01.16-05.52.44:558][  0]LogMemory: Process Virtual Memory: 22.18 MB used, 22.19 MB peak
[2015.01.16-05.52.44:558][  0]LogMemory: Physical Memory: 1921.26 MB used, 4093.22 MB total
[2015.01.16-05.52.44:558][  0]LogMemory: Virtual Memory: 272.20 MB used, 134217728.00 MB total
[2015.01.16-05.52.44:794][  0]LogD3D11RHI: Found D3D11 adapter 0: NVIDIA GeForce 8800 GT (Feature Level 10_0)
[2015.01.16-05.52.44:794][  0]LogD3D11RHI: Adapter has 488MB of dedicated video memory, 0MB of dedicated system memory, and 2046MB of shared system memory, 2 output[s]
[2015.01.16-05.52.44:796][  0]LogD3D11RHI: Found D3D11 adapter 1: Microsoft Basic Render Driver (Feature Level 11_0)
[2015.01.16-05.52.44:796][  0]LogD3D11RHI: Adapter has 0MB of dedicated video memory, 0MB of dedicated system memory, and 256MB of shared system memory, 0 output[s]
[2015.01.16-05.52.44:796][  0]LogD3D11RHI: Chosen D3D11 Adapter Id = 0
[2015.01.16-05.52.44:803][  0]LogRHI: Texture pool is 341 MB (70% of 488 MB)
[2015.01.16-05.52.44:816][  0]LogD3D11RHI: Async texture creation enabled
[2015.01.16-05.52.45:095][  0]LogTextLocalizationManager: The requested culture ('en_US') has no localization data; parent culture's ('en') localization data will be used.
[2015.01.16-05.52.45:327][  0]LogContentStreaming: Texture pool size is 0.000000MB
[2015.01.16-05.52.52:747][  0]LogTargetPlatformManager:Display: Building Assets For Windows
[2015.01.16-05.52.53:699][  0]LogTargetPlatformManager:Display: Building Assets For Windows
[2015.01.16-05.52.53:802][  0]LogDerivedDataCache:Display: Max Cache Size: 512 MB
[2015.01.16-05.52.54:039][  0]LogDerivedDataCache: Loaded boot cache 0.24s 36MB C:/Users/smarredo/AppData/Local/UnrealEngine/4.7/DerivedDataCache/Boot.ddc.
[2015.01.16-05.52.54:039][  0]LogDerivedDataCache:Display: Loaded Boot cache: C:/Users/smarredo/AppData/Local/UnrealEngine/4.7/DerivedDataCache/Boot.ddc
[2015.01.16-05.52.54:040][  0]LogDerivedDataCache: FDerivedDataBackendGraph:  Pak pak cache file ../../../../../../Users/smarredo/Desktop/ameliablume/AmeliaBlume/DerivedDataCache/DDC.ddp not found, will not use a pak cache.
[2015.01.16-05.52.54:040][  0]LogDerivedDataCache: Unable to find inner node Pak for hierarchical cache Hierarchy.
[2015.01.16-05.52.54:150][  0]LogDerivedDataCache:Display: Pak cache opened for reading ../../../Engine/DerivedDataCache/DDC.ddp.
[2015.01.16-05.52.54:163][  0]LogDerivedDataCache: Using Local data cache path C:/Users/smarredo/AppData/Local/UnrealEngine/Common/DerivedDataCache: Writable
[2015.01.16-05.52.56:944][  0]LogMeshUtilities: No automatic mesh reduction module available
[2015.01.16-05.52.56:944][  0]LogMeshUtilities: No automatic mesh merging module available
[2015.01.16-05.52.57:727][  0]LogInit: WinSock: version 1.1 (2.2), MaxSocks=32767, MaxUdp=65467
[2015.01.16-05.52.59:235][  0]UdpMessaging: Initializing bridge on interface 0.0.0.0:0 to multicast group 230.0.0.1:6666.
[2015.01.16-05.52.59:819][  0]SourceControl: Info Source control is disabled
[2015.01.16-05.52.59:819][  0]SourceControl: Info Source control is disabled
[2015.01.16-05.52.59:833][  0]SourceControl: Info Source control is disabled
[2015.01.16-05.53.00:137][  0]LogObj: 27318 objects as part of root set at end of initial load.
[2015.01.16-05.53.00:137][  0]LogUObjectAllocator: 6239688 out of 0 bytes used by permanent object pool.
[2015.01.16-05.53.00:265][  0]LogEngine: Initializing Engine...
[2015.01.16-05.53.02:281][  0]LogHMD: Oculus shutdown.
[2015.01.16-05.53.02:582][  0]LogInit: XAudio2 using 'Speakers (Creative SB X-Fi)' : 2 channels at 48 kHz using 32 bits per sample (channel mask 0x3)
[2015.01.16-05.53.03:327][  0]LogInit: FAudioDevice initialized.
[2015.01.16-05.53.03:383][  0]LogAIModule: Creating AISystem for world NewWorld
[2015.01.16-05.53.03:441][  0]LogDerivedDataCache: Saved boot cache 0.06s 36MB C:/Users/smarredo/AppData/Local/UnrealEngine/4.7/DerivedDataCache/Boot.ddc.
[2015.01.16-05.53.03:464][  0]LogInit: Texture streaming: Enabled
[2015.01.16-05.53.03:604][  0]LogAnalytics: Creating configured Analytics provider AnalyticsET
[2015.01.16-05.53.03:604][  0]LogAnalytics: ET APIKey = Rocket.Release. DataRouterUploadURL = https://datarouter-public-service-gamedev.ol.epicgames.net/datarouter/api/v1/public/data. AppVersion = 4.7.0-2403078+++depot+UE4-Releases+4.7
[2015.01.16-05.53.03:605][  0]LogAnalytics: SetUserId b805f9b32377bf5ec0f5cb752c9dd7f5
[2015.01.16-05.53.03:605][  0]LogAnalytics: AnalyticsET::StartSession [Rocket.Release]
[2015.01.16-05.53.03:630][  0]LogInit: Transaction tracking system initialized
[2015.01.16-05.53.03:870][  0]BlueprintLog: New page: Editor Load
[2015.01.16-05.53.03:915][  0]LogAssetRegistry: FAssetRegistry took 0.0104 seconds to start up
[2015.01.16-05.53.03:917][  0]LogDirectoryWatcher:Warning: Failed to begin reading directory changes for ../../../Engine/Plugins/Experimental/CharacterAI/Content/. Error: 0
[2015.01.16-05.53.04:881][  0]LogTargetPlatformManager:Display: Building Assets For Windows
[2015.01.16-05.53.05:450][  0]LogTargetPlatformManager:Display: Building Assets For Windows
[2015.01.16-05.53.05:787][  0]LogSlate:Warning: Failed to load font data from '../../../Engine/Content/Editor/Slate/Fonts/Roboto-Regular.ttf'
[2015.01.16-05.53.05:788][  0]LogSlate:Warning: Failed to load font data from '../../../Engine/Content/Editor/Slate/Fonts/Roboto-Bold.ttf'
[2015.01.16-05.53.05:795][  0]LogConsoleManager:Warning: Console variable 'r.VSync' wasn't set (Priority Code < GameSetting)
[2015.01.16-05.53.05:795][  0]LogConsoleResponse:Display: 
[2015.01.16-05.53.06:024][  0]LogCook:Display: Done creating registry. It took  0.00s.
[2015.01.16-05.53.06:230][  0]SourceControl: Info Source control is disabled
[2015.01.16-05.53.06:230][  0]Cmd: MAP LOAD FILE="../../../../../../Users/smarredo/Desktop/ameliablume/AmeliaBlume/Content/Maps/Example_Map.umap" TEMPLATE=0 SHOWPROGRESS=1 FEATURELEVEL=2
[2015.01.16-05.53.06:231][  0]LightingResults: New page: Lighting Build
[2015.01.16-05.53.06:248][  0]MapCheck: New page: Map Check
[2015.01.16-05.53.06:248][  0]LightingResults: New page: Lighting Build
[2015.01.16-05.53.06:267][  0]LogParticles: Destroying 0 GPU particle simulations for FXSystem 0x0000009303F34AE0
[2015.01.16-05.53.06:761][  0]LogEditorServer: Finished looking for orphan Actors (0.000 secs)
[2015.01.16-05.53.06:761][  0]LogAIModule: Creating AISystem for world Example_Map
[2015.01.16-05.53.06:762][  0]Cmd: MAP CHECKDEP
[2015.01.16-05.53.06:763][  0]MapCheck: New page: Example_Map - Jan 15, 2015, 1:53:06 PM
[2015.01.16-05.53.06:918][  0]MapCheck: Info Map check complete: 0 Error(s), 0 Warning(s), took 155.187ms to complete.
[2015.01.16-05.53.06:918][  0]LogFileHelpers: Loading map 'Example_Map' took 0.688
[2015.01.16-05.53.07:049][  0]LogCollectionManager: Loaded 0 collections in 0.002522 seconds
[2015.01.16-05.53.07:074][  0]LogContentBrowser:Verbose: The content browser source was changed by the sources view to '/Game'
[2015.01.16-05.53.07:221][  0]LogCrashTracker: Crashtracker disabled due to settings.
[2015.01.16-05.53.07:242][  0]LogUObjectGlobals:Warning: Failed to find object 'Class None.'
[2015.01.16-05.53.07:285][  0]LogLoad: Full Startup: 27.59 seconds (BP compile: 0.15 seconds)
[2015.01.16-05.53.07:522][  0]LogRenderer:Warning: Reallocating scene render targets to support 1136x1024 (Frame:2).
[2015.01.16-05.53.08:774][  6]LogAssetRegistry: Asset discovery search completed in 4.8698 seconds
[2015.01.16-05.59.06:193][525]Cmd: QUIT_EDITOR
[2015.01.16-05.59.06:558][525]LogExit: Preparing to exit.
[2015.01.16-05.59.07:459][525]LogExit: Editor shut down
[2015.01.16-05.59.07:461][525]LogExit: Transaction tracking system shut down
[2015.01.16-05.59.07:463][525]LogParticles: Destroying 0 GPU particle simulations for FXSystem 0x000000937D514900
[2015.01.16-05.59.07:515][525]LogExit: Object subsystem successfully closed.
[2015.01.16-05.59.07:592][525]LogModuleManager: Shutting down and abandoning module AndroidDeviceDetection (176)
[2015.01.16-05.59.07:592][525]LogModuleManager: Shutting down and abandoning module CrashTracker (175)
[2015.01.16-05.59.07:592][525]LogModuleManager: Shutting down and abandoning module SuperSearch (174)
[2015.01.16-05.59.07:592][525]LogModuleManager: Shutting down and abandoning module SceneOutliner (173)
[2015.01.16-05.59.07:592][525]LogModuleManager: Shutting down and abandoning module EditorWidgets (172)
[2015.01.16-05.59.07:592][525]LogModuleManager: Shutting down and abandoning module CollectionManager (171)
[2015.01.16-05.59.07:593][525]LogModuleManager: Shutting down and abandoning module StatsViewer (170)
[2015.01.16-05.59.07:593][525]LogModuleManager: Shutting down and abandoning module FoliageEdit (169)
[2015.01.16-05.59.07:593][525]LogModuleManager: Shutting down and abandoning module LandscapeEditor (168)
[2015.01.16-05.59.07:593][525]LogModuleManager: Shutting down and abandoning module MeshPaint (167)
[2015.01.16-05.59.07:593][525]LogModuleManager: Shutting down and abandoning module ActorPickerMode (166)
[2015.01.16-05.59.07:593][525]LogModuleManager: Shutting down and abandoning module GeometryMode (165)
[2015.01.16-05.59.07:593][525]LogModuleManager: Shutting down and abandoning module TextureAlignMode (164)
[2015.01.16-05.59.07:593][525]LogModuleManager: Shutting down and abandoning module BspMode (163)
[2015.01.16-05.59.07:593][525]LogModuleManager: Shutting down and abandoning module PlacementMode (162)
[2015.01.16-05.59.07:593][525]LogModuleManager: Shutting down and abandoning module AutomationWorker (161)
[2015.01.16-05.59.07:593][525]LogModuleManager: Shutting down and abandoning module CharacterAI (160)
[2015.01.16-05.59.07:593][525]LogModuleManager: Shutting down and abandoning module SmartSnapping (159)
[2015.01.16-05.59.07:593][525]LogModuleManager: Shutting down and abandoning module ViewportSnapping (158)
[2015.01.16-05.59.07:593][525]LogModuleManager: Shutting down and abandoning module LogVisualizer (157)
[2015.01.16-05.59.07:593][525]LogModuleManager: Shutting down and abandoning module GameProjectGeneration (156)
[2015.01.16-05.59.07:593][525]LogModuleManager: Shutting down and abandoning module IntroTutorials (155)
[2015.01.16-05.59.07:593][525]LogModuleManager: Shutting down and abandoning module EditorLiveStreaming (154)
[2015.01.16-05.59.07:593][525]LogModuleManager: Shutting down and abandoning module HardwareTargeting (153)
[2015.01.16-05.59.07:593][525]LogModuleManager: Shutting down and abandoning module DeviceProfileEditor (152)
[2015.01.16-05.59.07:593][525]LogModuleManager: Shutting down and abandoning module UndoHistory (151)
[2015.01.16-05.59.07:593][525]LogModuleManager: Shutting down and abandoning module GameplayTagsEditor (150)
[2015.01.16-05.59.07:594][525]LogModuleManager: Shutting down and abandoning module UserFeedback (149)
[2015.01.16-05.59.07:594][525]LogModuleManager: Shutting down and abandoning module XmlParser (148)
[2015.01.16-05.59.07:594][525]LogModuleManager: Shutting down and abandoning module Blutility (147)
[2015.01.16-05.59.07:594][525]LogModuleManager: Shutting down and abandoning module IOSPlatformEditor (146)
[2015.01.16-05.59.07:594][525]LogModuleManager: Shutting down and abandoning module IOSRuntimeSettings (145)
[2015.01.16-05.59.07:594][525]LogModuleManager: Shutting down and abandoning module AndroidPlatformEditor (144)
[2015.01.16-05.59.07:594][525]LogModuleManager: Shutting down and abandoning module AndroidRuntimeSettings (143)
[2015.01.16-05.59.07:594][525]LogModuleManager: Shutting down and abandoning module ProjectTargetPlatformEditor (142)
[2015.01.16-05.59.07:594][525]LogModuleManager: Shutting down and abandoning module ProjectSettingsViewer (141)
[2015.01.16-05.59.07:594][525]LogModuleManager: Shutting down and abandoning module InputBindingEditor (140)
[2015.01.16-05.59.07:594][525]LogModuleManager: Shutting down and abandoning module EditorSettingsViewer (139)
[2015.01.16-05.59.07:594][525]LogModuleManager: Shutting down and abandoning module SettingsEditor (138)
[2015.01.16-05.59.07:594][525]LogModuleManager: Shutting down and abandoning module ProjectLauncher (137)
[2015.01.16-05.59.07:594][525]LogModuleManager: Shutting down and abandoning module SessionFrontend (136)
[2015.01.16-05.59.07:594][525]LogModuleManager: Shutting down and abandoning module ProfilerClient (135)
[2015.01.16-05.59.07:594][525]LogModuleManager: Shutting down and abandoning module TargetDeviceServices (134)
[2015.01.16-05.59.07:594][525]LogModuleManager: Shutting down and abandoning module DeviceManager (133)
[2015.01.16-05.59.07:594][525]LogModuleManager: Shutting down and abandoning module AutomationController (132)
[2015.01.16-05.59.07:594][525]LogModuleManager: Shutting down and abandoning module AutomationWindow (131)
[2015.01.16-05.59.07:594][525]LogModuleManager: Shutting down and abandoning module Layers (130)
[2015.01.16-05.59.07:595][525]LogModuleManager: Shutting down and abandoning module ComponentVisualizers (129)
[2015.01.16-05.59.07:595][525]LogModuleManager: Shutting down and abandoning module DetailCustomizations (128)
[2015.01.16-05.59.07:595][525]LogModuleManager: Shutting down and abandoning module PackagesDialog (127)
[2015.01.16-05.59.07:595][525]LogModuleManager: Shutting down and abandoning module AssetRegistry (126)
[2015.01.16-05.59.07:666][525]LogModuleManager: Shutting down and abandoning module Persona (125)
[2015.01.16-05.59.07:667][525]LogModuleManager: Shutting down and abandoning module SlateReflector (124)
[2015.01.16-05.59.07:667][525]LogModuleManager: Shutting down and abandoning module LevelEditor (123)
[2015.01.16-05.59.07:668][525]LogModuleManager: Shutting down and abandoning module Kismet (122)
[2015.01.16-05.59.07:668][525]LogModuleManager: Shutting down and abandoning module GraphEditor (121)
[2015.01.16-05.59.07:668][525]LogModuleManager: Shutting down and abandoning module ClassViewer (120)
[2015.01.16-05.59.07:668][525]LogModuleManager: Shutting down and abandoning module Toolbox (119)
[2015.01.16-05.59.07:668][525]LogModuleManager: Shutting down and abandoning module ModuleUI (118)
[2015.01.16-05.59.07:668][525]LogModuleManager: Shutting down and abandoning module MovieSceneTools (117)
[2015.01.16-05.59.07:668][525]LogModuleManager: Shutting down and abandoning module OutputLog (116)
[2015.01.16-05.59.07:668][525]LogModuleManager: Shutting down and abandoning module GammaUI (115)
[2015.01.16-05.59.07:668][525]LogModuleManager: Shutting down and abandoning module Documentation (114)
[2015.01.16-05.59.07:668][525]LogModuleManager: Shutting down and abandoning module GameLiveStreaming (113)
[2015.01.16-05.59.07:668][525]LogModuleManager: Shutting down and abandoning module StreamingPauseRendering (112)
[2015.01.16-05.59.07:668][525]LogModuleManager: Shutting down and abandoning module HTTP (111)
[2015.01.16-05.59.07:669][525]LogModuleManager: Shutting down and abandoning module AnalyticsET (110)
[2015.01.16-05.59.07:669][525]LogModuleManager: Shutting down and abandoning module Analytics (109)
[2015.01.16-05.59.07:669][525]LogModuleManager: Shutting down and abandoning module AITestSuite (108)
[2015.01.16-05.59.07:669][525]LogModuleManager: Shutting down and abandoning module GameplayDebugger (107)
[2015.01.16-05.59.07:669][525]LogModuleManager: Shutting down and abandoning module AIModule (106)
[2015.01.16-05.59.07:669][525]LogModuleManager: Shutting down and abandoning module ProfilerService (105)
[2015.01.16-05.59.07:808][525]LogModuleManager: Shutting down and abandoning module TaskGraph (104)
[2015.01.16-05.59.07:808][525]LogModuleManager: Shutting down and abandoning module SlateRemote (103)
[2015.01.16-05.59.07:808][525]LogModuleManager: Shutting down and abandoning module ScriptEditorPlugin (102)
[2015.01.16-05.59.07:808][525]LogModuleManager: Shutting down and abandoning module CustomMeshComponent (101)
[2015.01.16-05.59.07:808][525]LogModuleManager: Shutting down and abandoning module CableComponent (100)
[2015.01.16-05.59.07:808][525]LogModuleManager: Shutting down and abandoning module MessagingDebugger (99)
[2015.01.16-05.59.07:808][525]LogModuleManager: Shutting down and abandoning module MediaPlayerEditor (98)
[2015.01.16-05.59.07:808][525]LogModuleManager: Shutting down and abandoning module SpeedTreeImporter (97)
[2015.01.16-05.59.07:808][525]LogModuleManager: Shutting down and abandoning module PluginsEditor (96)
[2015.01.16-05.59.07:808][525]LogModuleManager: Shutting down and abandoning module MainFrame (95)
[2015.01.16-05.59.07:808][525]LogModuleManager: Shutting down and abandoning module EpicSurvey (94)
[2015.01.16-05.59.07:808][525]LogModuleManager: Shutting down and abandoning module DesktopPlatform (93)
[2015.01.16-05.59.07:808][525]LogModuleManager: Shutting down and abandoning module DirectoryWatcher (92)
[2015.01.16-05.59.07:810][525]LogModuleManager: Shutting down and abandoning module HotReload (91)
[2015.01.16-05.59.07:810][525]LogModuleManager: Shutting down and abandoning module VisualStudioSourceCodeAccess (90)
[2015.01.16-05.59.07:810][525]LogModuleManager: Shutting down and abandoning module UObjectPlugin (89)
[2015.01.16-05.59.07:810][525]LogModuleManager: Shutting down and abandoning module SubversionSourceControl (88)
[2015.01.16-05.59.07:810][525]LogModuleManager: Shutting down and abandoning module SourceControl (87)
[2015.01.16-05.59.07:810][525]LogModuleManager: Shutting down and abandoning module PerforceSourceControl (86)
[2015.01.16-05.59.07:810][525]LogModuleManager: Shutting down and abandoning module BlankPlugin (85)
[2015.01.16-05.59.07:810][525]LogModuleManager: Shutting down and abandoning module PaperTiledImporter (84)
[2015.01.16-05.59.07:810][525]LogModuleManager: Shutting down and abandoning module PaperJsonImporter (83)
[2015.01.16-05.59.07:810][525]LogModuleManager: Shutting down and abandoning module ContentBrowser (82)
[2015.01.16-05.59.07:810][525]LogModuleManager: Shutting down and abandoning module Paper2DEditor (81)
[2015.01.16-05.59.07:810][525]LogModuleManager: Shutting down and abandoning module AmeliaBlume (80)
[2015.01.16-05.59.07:810][525]LogModuleManager: Shutting down and abandoning module ScriptPlugin (79)
[2015.01.16-05.59.07:811][525]LogModuleManager: Shutting down and abandoning module UdpMessaging (78)
[2015.01.16-05.59.07:912][525]LogModuleManager: Shutting down and abandoning module Paper2D (77)
[2015.01.16-05.59.07:912][525]LogModuleManager: Shutting down and abandoning module WindowsMoviePlayer (76)
[2015.01.16-05.59.07:915][525]LogModuleManager: Shutting down and abandoning module Media (75)
[2015.01.16-05.59.07:915][525]LogModuleManager: Shutting down and abandoning module WmfMedia (74)
[2015.01.16-05.59.07:915][525]LogModuleManager: Shutting down and abandoning module OnlineBlueprintSupport (73)
[2015.01.16-05.59.07:916][525]LogModuleManager: Shutting down and abandoning module PropertyEditor (72)
[2015.01.16-05.59.07:916][525]LogModuleManager: Shutting down and abandoning module BehaviorTreeEditor (71)
[2015.01.16-05.59.07:916][525]LogModuleManager: Shutting down and abandoning module FunctionalTesting (70)
[2015.01.16-05.59.07:916][525]LogModuleManager: Shutting down and abandoning module CollisionAnalyzer (69)
[2015.01.16-05.59.07:916][525]LogModuleManager: Shutting down and abandoning module WorkspaceMenuStructure (68)
[2015.01.16-05.59.07:916][525]LogModuleManager: Shutting down and abandoning module MessageLog (67)
[2015.01.16-05.59.07:916][525]LogModuleManager: Shutting down and abandoning module Sequencer (66)
[2015.01.16-05.59.07:916][525]LogModuleManager: Shutting down and abandoning module AssetTools (65)
[2015.01.16-05.59.07:916][525]LogModuleManager: Shutting down and abandoning module UMGEditor (64)
[2015.01.16-05.59.07:916][525]LogModuleManager: Shutting down and abandoning module UMG (63)
[2015.01.16-05.59.07:916][525]LogModuleManager: Shutting down and abandoning module Slate (62)
[2015.01.16-05.59.07:916][525]LogModuleManager: Shutting down and abandoning module EditorStyle (61)
[2015.01.16-05.59.07:923][525]LogModuleManager: Shutting down and abandoning module SessionServices (60)
[2015.01.16-05.59.07:923][525]LogModuleManager: Shutting down and abandoning module SourceCodeAccess (59)
[2015.01.16-05.59.07:923][525]LogModuleManager: Shutting down and abandoning module HeadMountedDisplay (58)
[2015.01.16-05.59.07:923][525]LogModuleManager: Shutting down and abandoning module XAudio2 (57)
[2015.01.16-05.59.07:923][525]LogModuleManager: Shutting down and abandoning module Networking (55)
[2015.01.16-05.59.07:923][525]LogModuleManager: Shutting down and abandoning module Core (54)
[2015.01.16-05.59.07:923][525]LogModuleManager: Shutting down and abandoning module KismetCompiler (53)
[2015.01.16-05.59.07:923][525]LogModuleManager: Shutting down and abandoning module PhysXFormats (52)
[2015.01.16-05.59.07:923][525]LogModuleManager: Shutting down and abandoning module MeshUtilities (51)
[2015.01.16-05.59.07:923][525]LogModuleManager: Shutting down and abandoning module DerivedDataCache (50)
[2015.01.16-05.59.07:933][525]LogDerivedDataCache: Shutdown
[2015.01.16-05.59.07:933][525]LogModuleManager: Shutting down and abandoning module ShaderFormatOpenGL (49)
[2015.01.16-05.59.07:933][525]LogModuleManager: Shutting down and abandoning module ShaderFormatD3D (48)
[2015.01.16-05.59.07:933][525]LogModuleManager: Shutting down and abandoning module MetalShaderFormat (47)
[2015.01.16-05.59.07:933][525]LogModuleManager: Shutting down and abandoning module TextureFormatUncompressed (46)
[2015.01.16-05.59.07:933][525]LogModuleManager: Shutting down and abandoning module TextureFormatPVR (45)
[2015.01.16-05.59.07:933][525]LogModuleManager: Shutting down and abandoning module TextureFormatIntelISPCTexComp (44)
[2015.01.16-05.59.07:933][525]LogModuleManager: Shutting down and abandoning module TextureFormatDXT (43)
[2015.01.16-05.59.07:933][525]LogModuleManager: Shutting down and abandoning module ImageWrapper (42)
[2015.01.16-05.59.07:933][525]LogModuleManager: Shutting down and abandoning module TextureFormatASTC (41)
[2015.01.16-05.59.07:933][525]LogModuleManager: Shutting down and abandoning module TextureFormatAndroid (40)
[2015.01.16-05.59.07:933][525]LogModuleManager: Shutting down and abandoning module AudioFormatOpus (39)
[2015.01.16-05.59.07:933][525]LogModuleManager: Shutting down and abandoning module AudioFormatOgg (38)
[2015.01.16-05.59.07:933][525]LogModuleManager: Shutting down and abandoning module AudioFormatADPCM (37)
[2015.01.16-05.59.07:933][525]LogModuleManager: Shutting down and abandoning module LinuxTargetPlatform (36)
[2015.01.16-05.59.07:933][525]LogModuleManager: Shutting down and abandoning module LinuxServerTargetPlatform (35)
[2015.01.16-05.59.07:933][525]LogModuleManager: Shutting down and abandoning module LinuxNoEditorTargetPlatform (34)
[2015.01.16-05.59.07:933][525]LogModuleManager: Shutting down and abandoning module Messaging (33)
[2015.01.16-05.59.07:933][525]LogModuleManager: Shutting down and abandoning module IOSTargetPlatform (32)
[2015.01.16-05.59.07:933][525]LogModuleManager: Shutting down and abandoning module Android_PVRTCTargetPlatform (31)
[2015.01.16-05.59.07:933][525]LogModuleManager: Shutting down and abandoning module Android_ETC2TargetPlatform (30)
[2015.01.16-05.59.07:933][525]LogModuleManager: Shutting down and abandoning module Android_ETC1TargetPlatform (29)
[2015.01.16-05.59.07:933][525]LogModuleManager: Shutting down and abandoning module Android_ES31TargetPlatform (28)
[2015.01.16-05.59.07:933][525]LogModuleManager: Shutting down and abandoning module Android_DXTTargetPlatform (27)
[2015.01.16-05.59.07:933][525]LogModuleManager: Shutting down and abandoning module Android_ATCTargetPlatform (26)
[2015.01.16-05.59.07:933][525]LogModuleManager: Shutting down and abandoning module AndroidTargetPlatform (25)
[2015.01.16-05.59.07:933][525]LogModuleManager: Shutting down and abandoning module WindowsTargetPlatform (24)
[2015.01.16-05.59.07:933][525]LogModuleManager: Shutting down and abandoning module WindowsServerTargetPlatform (23)
[2015.01.16-05.59.07:933][525]LogModuleManager: Shutting down and abandoning module WindowsNoEditorTargetPlatform (22)
[2015.01.16-05.59.07:933][525]LogModuleManager: Shutting down and abandoning module WindowsClientTargetPlatform (21)
[2015.01.16-05.59.07:933][525]LogModuleManager: Shutting down and abandoning module TargetPlatform (20)
[2015.01.16-05.59.07:933][525]LogModuleManager: Shutting down and abandoning module InputCore (19)
[2015.01.16-05.59.07:933][525]LogModuleManager: Shutting down and abandoning module Settings (18)
[2015.01.16-05.59.07:934][525]LogModuleManager: Shutting down and abandoning module OnlineSubsystem (16)
[2015.01.16-05.59.07:934][525]LogModuleManager: Shutting down and abandoning module OculusRift (15)
[2015.01.16-05.59.07:934][525]LogModuleManager: Shutting down and abandoning module ExampleDeviceProfileSelector (14)
[2015.01.16-05.59.07:934][525]LogModuleManager: Shutting down and abandoning module TextureCompressor (13)
[2015.01.16-05.59.07:934][525]LogModuleManager: Shutting down and abandoning module ShaderCore (12)
[2015.01.16-05.59.07:934][525]LogModuleManager: Shutting down and abandoning module Landscape (11)
[2015.01.16-05.59.07:934][525]LogModuleManager: Shutting down and abandoning module SlateRHIRenderer (10)
[2015.01.16-05.59.07:939][525]LogModuleManager: Shutting down and abandoning module OpenGLDrv (9)
[2015.01.16-05.59.07:939][525]LogModuleManager: Shutting down and abandoning module D3D11RHI (8)
[2015.01.16-05.59.07:939][525]LogModuleManager: Shutting down and abandoning module Renderer (7)
[2015.01.16-05.59.07:939][525]LogModuleManager: Shutting down and abandoning module Engine (6)
[2015.01.16-05.59.07:939][525]LogModuleManager: Shutting down and abandoning module CoreUObject (5)
[2015.01.16-05.59.07:940][525]LogModuleManager: Shutting down and abandoning module NetworkFile (4)
[2015.01.16-05.59.07:940][525]LogModuleManager: Shutting down and abandoning module StreamingFile (3)
[2015.01.16-05.59.07:940][525]LogModuleManager: Shutting down and abandoning module SandboxFile (2)
[2015.01.16-05.59.07:940][525]LogModuleManager: Shutting down and abandoning module PakFile (1)
[2015.01.16-05.59.07:941][525]LogExit: Exiting.
[2015.01.16-05.59.07:949][525]Log file closed, 01/15/15 21:59:07
